19-Jan-2026 17:43:27.389 INFO [main] org.apache.catalina.startup.VersionLoggerListener.log Имя версии сервера:    Apache Tomcat/11.0.15
19-Jan-2026 17:43:27.394 INFO [main] org.apache.catalina.startup.VersionLoggerListener.log Сервер собран:         Dec 2 2025 16:32:48 UTC
19-Jan-2026 17:43:27.394 INFO [main] org.apache.catalina.startup.VersionLoggerListener.log Номер версии сервера:  11.0.15.0
19-Jan-2026 17:43:27.395 INFO [main] org.apache.catalina.startup.VersionLoggerListener.log OS Name:               Linux
19-Jan-2026 17:43:27.395 INFO [main] org.apache.catalina.startup.VersionLoggerListener.log Версия ОС:             6.14.0-37-generic
19-Jan-2026 17:43:27.395 INFO [main] org.apache.catalina.startup.VersionLoggerListener.log Архитектура:           amd64
19-Jan-2026 17:43:27.395 INFO [main] org.apache.catalina.startup.VersionLoggerListener.log Java Home:             /usr/lib/jvm/java-21-openjdk-amd64
19-Jan-2026 17:43:27.395 INFO [main] org.apache.catalina.startup.VersionLoggerListener.log Версия JVM:            21.0.9+10-Ubuntu-124.04
19-Jan-2026 17:43:27.395 INFO [main] org.apache.catalina.startup.VersionLoggerListener.log Производитель JVM:     Ubuntu
19-Jan-2026 17:43:27.395 INFO [main] org.apache.catalina.startup.VersionLoggerListener.log CATALINA_BASE:         /home/palmadae/IdeaProjects/FISD
19-Jan-2026 17:43:27.395 INFO [main] org.apache.catalina.startup.VersionLoggerListener.log CATALINA_HOME:         /home/palmadae/Downloads/apache-tomcat-11.0.15
19-Jan-2026 17:43:27.405 INFO [main] org.apache.catalina.startup.VersionLoggerListener.log Command line argument: --add-opens=java.base/java.lang=ALL-UNNAMED
19-Jan-2026 17:43:27.405 INFO [main] org.apache.catalina.startup.VersionLoggerListener.log Command line argument: --add-opens=java.base/java.io=ALL-UNNAMED
19-Jan-2026 17:43:27.406 INFO [main] org.apache.catalina.startup.VersionLoggerListener.log Command line argument: --add-opens=java.base/java.util=ALL-UNNAMED
19-Jan-2026 17:43:27.406 INFO [main] org.apache.catalina.startup.VersionLoggerListener.log Command line argument: --add-opens=java.base/java.util.concurrent=ALL-UNNAMED
19-Jan-2026 17:43:27.406 INFO [main] org.apache.catalina.startup.VersionLoggerListener.log Command line argument: --add-opens=java.rmi/sun.rmi.transport=ALL-UNNAMED
19-Jan-2026 17:43:27.406 INFO [main] org.apache.catalina.startup.VersionLoggerListener.log Command line argument: -Dcatalina.home=/home/palmadae/Downloads/apache-tomcat-11.0.15
19-Jan-2026 17:43:27.406 INFO [main] org.apache.catalina.startup.VersionLoggerListener.log Command line argument: -Dcatalina.base=/home/palmadae/IdeaProjects/FISD
19-Jan-2026 17:43:27.406 INFO [main] org.apache.catalina.startup.VersionLoggerListener.log Command line argument: -Djava.io.tmpdir=/home/palmadae/IdeaProjects/FISD/temp
19-Jan-2026 17:43:27.406 INFO [main] org.apache.catalina.startup.VersionLoggerListener.log Command line argument: -Djava.util.logging.config.file=/home/palmadae/IdeaProjects/FISD/conf/logging.properties
19-Jan-2026 17:43:27.406 INFO [main] org.apache.catalina.startup.VersionLoggerListener.log Command line argument: -Djava.util.logging.manager=org.apache.juli.ClassLoaderLogManager
19-Jan-2026 17:43:27.407 INFO [main] org.apache.catalina.startup.VersionLoggerListener.log Command line argument: -javaagent:/home/palmadae/idea-IU-251.25410.129/lib/idea_rt.jar=35781
19-Jan-2026 17:43:27.407 INFO [main] org.apache.catalina.startup.VersionLoggerListener.log Command line argument: -Dfile.encoding=UTF-8
19-Jan-2026 17:43:27.407 INFO [main] org.apache.catalina.startup.VersionLoggerListener.log Command line argument: -Dsun.stdout.encoding=UTF-8
19-Jan-2026 17:43:27.407 INFO [main] org.apache.catalina.startup.VersionLoggerListener.log Command line argument: -Dsun.stderr.encoding=UTF-8
19-Jan-2026 17:43:27.409 INFO [main] org.apache.catalina.core.AprLifecycleListener.lifecycleEvent The Apache Tomcat Native library which allows using OpenSSL was not found on the java.library.path: [/usr/java/packages/lib:/usr/lib/x86_64-linux-gnu/jni:/lib/x86_64-linux-gnu:/usr/lib/x86_64-linux-gnu:/usr/lib/jni:/lib:/usr/lib]
19-Jan-2026 17:43:27.714 INFO [main] org.apache.coyote.AbstractProtocol.init Инициализация ProtocolHandler ["http-nio-8080"]
19-Jan-2026 17:43:27.736 INFO [main] org.apache.catalina.startup.Catalina.load Server initialization in [529] milliseconds
19-Jan-2026 17:43:27.788 INFO [main] org.apache.catalina.core.StandardService.startInternal Starting service [Catalina]
19-Jan-2026 17:43:27.788 INFO [main] org.apache.catalina.core.StandardEngine.startInternal Starting Servlet engine: [Apache Tomcat/11.0.15]
19-Jan-2026 17:43:27.798 INFO [main] org.apache.catalina.startup.HostConfig.deployDescriptor Deploying deployment descriptor [/home/palmadae/IdeaProjects/FISD/conf/Catalina/localhost/FISD.xml]
19-Jan-2026 17:43:29.007 INFO [main] org.apache.jasper.servlet.TldScanner.scanJars At least one JAR was scanned for TLDs yet contained no TLDs. Enable debug logging for this logger for a complete list of JARs that were scanned but no TLDs were found in them. Skipping unneeded JARs during scanning can improve startup time and JSP compilation time.
19-Jan-2026 17:43:29.062 INFO [main] org.apache.catalina.startup.HostConfig.deployDescriptor Deployment of deployment descriptor [/home/palmadae/IdeaProjects/FISD/conf/Catalina/localhost/FISD.xml] has finished in [1 260] ms
19-Jan-2026 17:43:29.067 INFO [main] org.apache.coyote.AbstractProtocol.start Starting ProtocolHandler ["http-nio-8080"]
19-Jan-2026 17:43:29.077 INFO [main] org.apache.catalina.startup.Catalina.start Server startup in [1339] milliseconds
19-Jan-2026 17:43:56.173 INFO [Thread-1] org.apache.coyote.AbstractProtocol.pause Pausing ProtocolHandler ["http-nio-8080"]
19-Jan-2026 17:43:56.175 INFO [Thread-1] org.apache.catalina.core.StandardService.stopInternal Stopping service [Catalina]
19-Jan-2026 17:43:56.189 INFO [Thread-1] org.apache.coyote.AbstractProtocol.stop Stopping ProtocolHandler ["http-nio-8080"]
19-Jan-2026 17:43:56.199 INFO [Thread-1] org.apache.coyote.AbstractProtocol.destroy Destroying ProtocolHandler ["http-nio-8080"]
19-Jan-2026 17:43:58.491 INFO [main] org.apache.catalina.startup.VersionLoggerListener.log Имя версии сервера:    Apache Tomcat/11.0.15
19-Jan-2026 17:43:58.496 INFO [main] org.apache.catalina.startup.VersionLoggerListener.log Сервер собран:         Dec 2 2025 16:32:48 UTC
19-Jan-2026 17:43:58.496 INFO [main] org.apache.catalina.startup.VersionLoggerListener.log Номер версии сервера:  11.0.15.0
19-Jan-2026 17:43:58.496 INFO [main] org.apache.catalina.startup.VersionLoggerListener.log OS Name:               Linux
19-Jan-2026 17:43:58.496 INFO [main] org.apache.catalina.startup.VersionLoggerListener.log Версия ОС:             6.14.0-37-generic
19-Jan-2026 17:43:58.497 INFO [main] org.apache.catalina.startup.VersionLoggerListener.log Архитектура:           amd64
19-Jan-2026 17:43:58.497 INFO [main] org.apache.catalina.startup.VersionLoggerListener.log Java Home:             /usr/lib/jvm/java-21-openjdk-amd64
19-Jan-2026 17:43:58.497 INFO [main] org.apache.catalina.startup.VersionLoggerListener.log Версия JVM:            21.0.9+10-Ubuntu-124.04
19-Jan-2026 17:43:58.497 INFO [main] org.apache.catalina.startup.VersionLoggerListener.log Производитель JVM:     Ubuntu
19-Jan-2026 17:43:58.497 INFO [main] org.apache.catalina.startup.VersionLoggerListener.log CATALINA_BASE:         /home/palmadae/IdeaProjects/FISD
19-Jan-2026 17:43:58.497 INFO [main] org.apache.catalina.startup.VersionLoggerListener.log CATALINA_HOME:         /home/palmadae/Downloads/apache-tomcat-11.0.15
19-Jan-2026 17:43:58.505 INFO [main] org.apache.catalina.startup.VersionLoggerListener.log Command line argument: --add-opens=java.base/java.lang=ALL-UNNAMED
19-Jan-2026 17:43:58.505 INFO [main] org.apache.catalina.startup.VersionLoggerListener.log Command line argument: --add-opens=java.base/java.io=ALL-UNNAMED
19-Jan-2026 17:43:58.506 INFO [main] org.apache.catalina.startup.VersionLoggerListener.log Command line argument: --add-opens=java.base/java.util=ALL-UNNAMED
19-Jan-2026 17:43:58.506 INFO [main] org.apache.catalina.startup.VersionLoggerListener.log Command line argument: --add-opens=java.base/java.util.concurrent=ALL-UNNAMED
19-Jan-2026 17:43:58.506 INFO [main] org.apache.catalina.startup.VersionLoggerListener.log Command line argument: --add-opens=java.rmi/sun.rmi.transport=ALL-UNNAMED
19-Jan-2026 17:43:58.506 INFO [main] org.apache.catalina.startup.VersionLoggerListener.log Command line argument: -Dcatalina.home=/home/palmadae/Downloads/apache-tomcat-11.0.15
19-Jan-2026 17:43:58.506 INFO [main] org.apache.catalina.startup.VersionLoggerListener.log Command line argument: -Dcatalina.base=/home/palmadae/IdeaProjects/FISD
19-Jan-2026 17:43:58.507 INFO [main] org.apache.catalina.startup.VersionLoggerListener.log Command line argument: -Djava.io.tmpdir=/home/palmadae/IdeaProjects/FISD/temp
19-Jan-2026 17:43:58.507 INFO [main] org.apache.catalina.startup.VersionLoggerListener.log Command line argument: -Djava.util.logging.config.file=/home/palmadae/IdeaProjects/FISD/conf/logging.properties
19-Jan-2026 17:43:58.507 INFO [main] org.apache.catalina.startup.VersionLoggerListener.log Command line argument: -Djava.util.logging.manager=org.apache.juli.ClassLoaderLogManager
19-Jan-2026 17:43:58.507 INFO [main] org.apache.catalina.startup.VersionLoggerListener.log Command line argument: -javaagent:/home/palmadae/idea-IU-251.25410.129/lib/idea_rt.jar=39809
19-Jan-2026 17:43:58.507 INFO [main] org.apache.catalina.startup.VersionLoggerListener.log Command line argument: -Dfile.encoding=UTF-8
19-Jan-2026 17:43:58.507 INFO [main] org.apache.catalina.startup.VersionLoggerListener.log Command line argument: -Dsun.stdout.encoding=UTF-8
19-Jan-2026 17:43:58.507 INFO [main] org.apache.catalina.startup.VersionLoggerListener.log Command line argument: -Dsun.stderr.encoding=UTF-8
19-Jan-2026 17:43:58.509 INFO [main] org.apache.catalina.core.AprLifecycleListener.lifecycleEvent The Apache Tomcat Native library which allows using OpenSSL was not found on the java.library.path: [/usr/java/packages/lib:/usr/lib/x86_64-linux-gnu/jni:/lib/x86_64-linux-gnu:/usr/lib/x86_64-linux-gnu:/usr/lib/jni:/lib:/usr/lib]
19-Jan-2026 17:43:58.817 INFO [main] org.apache.coyote.AbstractProtocol.init Инициализация ProtocolHandler ["http-nio-8080"]
19-Jan-2026 17:43:58.834 INFO [main] org.apache.catalina.startup.Catalina.load Server initialization in [557] milliseconds
19-Jan-2026 17:43:58.880 INFO [main] org.apache.catalina.core.StandardService.startInternal Starting service [Catalina]
19-Jan-2026 17:43:58.881 INFO [main] org.apache.catalina.core.StandardEngine.startInternal Starting Servlet engine: [Apache Tomcat/11.0.15]
19-Jan-2026 17:43:58.888 INFO [main] org.apache.catalina.startup.HostConfig.deployDescriptor Deploying deployment descriptor [/home/palmadae/IdeaProjects/FISD/conf/Catalina/localhost/FISD.xml]
19-Jan-2026 17:43:59.965 INFO [main] org.apache.jasper.servlet.TldScanner.scanJars At least one JAR was scanned for TLDs yet contained no TLDs. Enable debug logging for this logger for a complete list of JARs that were scanned but no TLDs were found in them. Skipping unneeded JARs during scanning can improve startup time and JSP compilation time.
19-Jan-2026 17:44:00.002 INFO [main] org.apache.catalina.startup.HostConfig.deployDescriptor Deployment of deployment descriptor [/home/palmadae/IdeaProjects/FISD/conf/Catalina/localhost/FISD.xml] has finished in [1 111] ms
19-Jan-2026 17:44:00.006 INFO [main] org.apache.coyote.AbstractProtocol.start Starting ProtocolHandler ["http-nio-8080"]
19-Jan-2026 17:44:00.016 INFO [main] org.apache.catalina.startup.Catalina.start Server startup in [1181] milliseconds
19-Jan-2026 17:44:42.023 INFO [Thread-1] org.apache.coyote.AbstractProtocol.pause Pausing ProtocolHandler ["http-nio-8080"]
19-Jan-2026 17:44:42.025 INFO [Thread-1] org.apache.catalina.core.StandardService.stopInternal Stopping service [Catalina]
19-Jan-2026 17:44:42.039 INFO [Thread-1] org.apache.coyote.AbstractProtocol.stop Stopping ProtocolHandler ["http-nio-8080"]
19-Jan-2026 17:44:42.049 INFO [Thread-1] org.apache.coyote.AbstractProtocol.destroy Destroying ProtocolHandler ["http-nio-8080"]
19-Jan-2026 17:44:44.603 INFO [main] org.apache.catalina.startup.VersionLoggerListener.log Имя версии сервера:    Apache Tomcat/11.0.15
19-Jan-2026 17:44:44.610 INFO [main] org.apache.catalina.startup.VersionLoggerListener.log Сервер собран:         Dec 2 2025 16:32:48 UTC
19-Jan-2026 17:44:44.610 INFO [main] org.apache.catalina.startup.VersionLoggerListener.log Номер версии сервера:  11.0.15.0
19-Jan-2026 17:44:44.610 INFO [main] org.apache.catalina.startup.VersionLoggerListener.log OS Name:               Linux
19-Jan-2026 17:44:44.610 INFO [main] org.apache.catalina.startup.VersionLoggerListener.log Версия ОС:             6.14.0-37-generic
19-Jan-2026 17:44:44.611 INFO [main] org.apache.catalina.startup.VersionLoggerListener.log Архитектура:           amd64
19-Jan-2026 17:44:44.611 INFO [main] org.apache.catalina.startup.VersionLoggerListener.log Java Home:             /usr/lib/jvm/java-21-openjdk-amd64
19-Jan-2026 17:44:44.611 INFO [main] org.apache.catalina.startup.VersionLoggerListener.log Версия JVM:            21.0.9+10-Ubuntu-124.04
19-Jan-2026 17:44:44.611 INFO [main] org.apache.catalina.startup.VersionLoggerListener.log Производитель JVM:     Ubuntu
19-Jan-2026 17:44:44.612 INFO [main] org.apache.catalina.startup.VersionLoggerListener.log CATALINA_BASE:         /home/palmadae/IdeaProjects/FISD
19-Jan-2026 17:44:44.612 INFO [main] org.apache.catalina.startup.VersionLoggerListener.log CATALINA_HOME:         /home/palmadae/Downloads/apache-tomcat-11.0.15
19-Jan-2026 17:44:44.619 INFO [main] org.apache.catalina.startup.VersionLoggerListener.log Command line argument: --add-opens=java.base/java.lang=ALL-UNNAMED
19-Jan-2026 17:44:44.620 INFO [main] org.apache.catalina.startup.VersionLoggerListener.log Command line argument: --add-opens=java.base/java.io=ALL-UNNAMED
19-Jan-2026 17:44:44.620 INFO [main] org.apache.catalina.startup.VersionLoggerListener.log Command line argument: --add-opens=java.base/java.util=ALL-UNNAMED
19-Jan-2026 17:44:44.620 INFO [main] org.apache.catalina.startup.VersionLoggerListener.log Command line argument: --add-opens=java.base/java.util.concurrent=ALL-UNNAMED
19-Jan-2026 17:44:44.620 INFO [main] org.apache.catalina.startup.VersionLoggerListener.log Command line argument: --add-opens=java.rmi/sun.rmi.transport=ALL-UNNAMED
19-Jan-2026 17:44:44.620 INFO [main] org.apache.catalina.startup.VersionLoggerListener.log Command line argument: -Dcatalina.home=/home/palmadae/Downloads/apache-tomcat-11.0.15
19-Jan-2026 17:44:44.620 INFO [main] org.apache.catalina.startup.VersionLoggerListener.log Command line argument: -Dcatalina.base=/home/palmadae/IdeaProjects/FISD
19-Jan-2026 17:44:44.620 INFO [main] org.apache.catalina.startup.VersionLoggerListener.log Command line argument: -Djava.io.tmpdir=/home/palmadae/IdeaProjects/FISD/temp
19-Jan-2026 17:44:44.620 INFO [main] org.apache.catalina.startup.VersionLoggerListener.log Command line argument: -Djava.util.logging.config.file=/home/palmadae/IdeaProjects/FISD/conf/logging.properties
19-Jan-2026 17:44:44.621 INFO [main] org.apache.catalina.startup.VersionLoggerListener.log Command line argument: -Djava.util.logging.manager=org.apache.juli.ClassLoaderLogManager
19-Jan-2026 17:44:44.621 INFO [main] org.apache.catalina.startup.VersionLoggerListener.log Command line argument: -javaagent:/home/palmadae/idea-IU-251.25410.129/lib/idea_rt.jar=34005
19-Jan-2026 17:44:44.621 INFO [main] org.apache.catalina.startup.VersionLoggerListener.log Command line argument: -Dfile.encoding=UTF-8
19-Jan-2026 17:44:44.621 INFO [main] org.apache.catalina.startup.VersionLoggerListener.log Command line argument: -Dsun.stdout.encoding=UTF-8
19-Jan-2026 17:44:44.621 INFO [main] org.apache.catalina.startup.VersionLoggerListener.log Command line argument: -Dsun.stderr.encoding=UTF-8
19-Jan-2026 17:44:44.622 INFO [main] org.apache.catalina.core.AprLifecycleListener.lifecycleEvent The Apache Tomcat Native library which allows using OpenSSL was not found on the java.library.path: [/usr/java/packages/lib:/usr/lib/x86_64-linux-gnu/jni:/lib/x86_64-linux-gnu:/usr/lib/x86_64-linux-gnu:/usr/lib/jni:/lib:/usr/lib]
19-Jan-2026 17:44:44.997 INFO [main] org.apache.coyote.AbstractProtocol.init Инициализация ProtocolHandler ["http-nio-8080"]
19-Jan-2026 17:44:45.023 INFO [main] org.apache.catalina.startup.Catalina.load Server initialization in [632] milliseconds
19-Jan-2026 17:44:45.084 INFO [main] org.apache.catalina.core.StandardService.startInternal Starting service [Catalina]
19-Jan-2026 17:44:45.084 INFO [main] org.apache.catalina.core.StandardEngine.startInternal Starting Servlet engine: [Apache Tomcat/11.0.15]
19-Jan-2026 17:44:45.091 INFO [main] org.apache.catalina.startup.HostConfig.deployDescriptor Deploying deployment descriptor [/home/palmadae/IdeaProjects/FISD/conf/Catalina/localhost/FISD.xml]
19-Jan-2026 17:44:46.216 INFO [main] org.apache.jasper.servlet.TldScanner.scanJars At least one JAR was scanned for TLDs yet contained no TLDs. Enable debug logging for this logger for a complete list of JARs that were scanned but no TLDs were found in them. Skipping unneeded JARs during scanning can improve startup time and JSP compilation time.
19-Jan-2026 17:44:46.268 INFO [main] org.apache.catalina.startup.HostConfig.deployDescriptor Deployment of deployment descriptor [/home/palmadae/IdeaProjects/FISD/conf/Catalina/localhost/FISD.xml] has finished in [1 174] ms
19-Jan-2026 17:44:46.272 INFO [main] org.apache.coyote.AbstractProtocol.start Starting ProtocolHandler ["http-nio-8080"]
19-Jan-2026 17:44:46.284 INFO [main] org.apache.catalina.startup.Catalina.start Server startup in [1259] milliseconds
19-Jan-2026 17:45:24.168 INFO [Thread-1] org.apache.coyote.AbstractProtocol.pause Pausing ProtocolHandler ["http-nio-8080"]
19-Jan-2026 17:45:24.170 INFO [Thread-1] org.apache.catalina.core.StandardService.stopInternal Stopping service [Catalina]
19-Jan-2026 17:45:24.182 INFO [Thread-1] org.apache.coyote.AbstractProtocol.stop Stopping ProtocolHandler ["http-nio-8080"]
19-Jan-2026 17:45:24.195 INFO [Thread-1] org.apache.coyote.AbstractProtocol.destroy Destroying ProtocolHandler ["http-nio-8080"]
19-Jan-2026 17:45:25.689 INFO [main] org.apache.catalina.startup.VersionLoggerListener.log Имя версии сервера:    Apache Tomcat/11.0.15
19-Jan-2026 17:45:25.693 INFO [main] org.apache.catalina.startup.VersionLoggerListener.log Сервер собран:         Dec 2 2025 16:32:48 UTC
19-Jan-2026 17:45:25.693 INFO [main] org.apache.catalina.startup.VersionLoggerListener.log Номер версии сервера:  11.0.15.0
19-Jan-2026 17:45:25.694 INFO [main] org.apache.catalina.startup.VersionLoggerListener.log OS Name:               Linux
19-Jan-2026 17:45:25.694 INFO [main] org.apache.catalina.startup.VersionLoggerListener.log Версия ОС:             6.14.0-37-generic
19-Jan-2026 17:45:25.694 INFO [main] org.apache.catalina.startup.VersionLoggerListener.log Архитектура:           amd64
19-Jan-2026 17:45:25.694 INFO [main] org.apache.catalina.startup.VersionLoggerListener.log Java Home:             /usr/lib/jvm/java-21-openjdk-amd64
19-Jan-2026 17:45:25.694 INFO [main] org.apache.catalina.startup.VersionLoggerListener.log Версия JVM:            21.0.9+10-Ubuntu-124.04
19-Jan-2026 17:45:25.694 INFO [main] org.apache.catalina.startup.VersionLoggerListener.log Производитель JVM:     Ubuntu
19-Jan-2026 17:45:25.694 INFO [main] org.apache.catalina.startup.VersionLoggerListener.log CATALINA_BASE:         /home/palmadae/IdeaProjects/FISD
19-Jan-2026 17:45:25.694 INFO [main] org.apache.catalina.startup.VersionLoggerListener.log CATALINA_HOME:         /home/palmadae/Downloads/apache-tomcat-11.0.15
19-Jan-2026 17:45:25.703 INFO [main] org.apache.catalina.startup.VersionLoggerListener.log Command line argument: --add-opens=java.base/java.lang=ALL-UNNAMED
19-Jan-2026 17:45:25.703 INFO [main] org.apache.catalina.startup.VersionLoggerListener.log Command line argument: --add-opens=java.base/java.io=ALL-UNNAMED
19-Jan-2026 17:45:25.703 INFO [main] org.apache.catalina.startup.VersionLoggerListener.log Command line argument: --add-opens=java.base/java.util=ALL-UNNAMED
19-Jan-2026 17:45:25.703 INFO [main] org.apache.catalina.startup.VersionLoggerListener.log Command line argument: --add-opens=java.base/java.util.concurrent=ALL-UNNAMED
19-Jan-2026 17:45:25.703 INFO [main] org.apache.catalina.startup.VersionLoggerListener.log Command line argument: --add-opens=java.rmi/sun.rmi.transport=ALL-UNNAMED
19-Jan-2026 17:45:25.703 INFO [main] org.apache.catalina.startup.VersionLoggerListener.log Command line argument: -Dcatalina.home=/home/palmadae/Downloads/apache-tomcat-11.0.15
19-Jan-2026 17:45:25.704 INFO [main] org.apache.catalina.startup.VersionLoggerListener.log Command line argument: -Dcatalina.base=/home/palmadae/IdeaProjects/FISD
19-Jan-2026 17:45:25.704 INFO [main] org.apache.catalina.startup.VersionLoggerListener.log Command line argument: -Djava.io.tmpdir=/home/palmadae/IdeaProjects/FISD/temp
19-Jan-2026 17:45:25.704 INFO [main] org.apache.catalina.startup.VersionLoggerListener.log Command line argument: -Djava.util.logging.config.file=/home/palmadae/IdeaProjects/FISD/conf/logging.properties
19-Jan-2026 17:45:25.704 INFO [main] org.apache.catalina.startup.VersionLoggerListener.log Command line argument: -Djava.util.logging.manager=org.apache.juli.ClassLoaderLogManager
19-Jan-2026 17:45:25.704 INFO [main] org.apache.catalina.startup.VersionLoggerListener.log Command line argument: -javaagent:/home/palmadae/idea-IU-251.25410.129/lib/idea_rt.jar=37969
19-Jan-2026 17:45:25.704 INFO [main] org.apache.catalina.startup.VersionLoggerListener.log Command line argument: -Dfile.encoding=UTF-8
19-Jan-2026 17:45:25.704 INFO [main] org.apache.catalina.startup.VersionLoggerListener.log Command line argument: -Dsun.stdout.encoding=UTF-8
19-Jan-2026 17:45:25.704 INFO [main] org.apache.catalina.startup.VersionLoggerListener.log Command line argument: -Dsun.stderr.encoding=UTF-8
19-Jan-2026 17:45:25.706 INFO [main] org.apache.catalina.core.AprLifecycleListener.lifecycleEvent The Apache Tomcat Native library which allows using OpenSSL was not found on the java.library.path: [/usr/java/packages/lib:/usr/lib/x86_64-linux-gnu/jni:/lib/x86_64-linux-gnu:/usr/lib/x86_64-linux-gnu:/usr/lib/jni:/lib:/usr/lib]
19-Jan-2026 17:45:26.036 INFO [main] org.apache.coyote.AbstractProtocol.init Инициализация ProtocolHandler ["http-nio-8080"]
19-Jan-2026 17:45:26.051 INFO [main] org.apache.catalina.startup.Catalina.load Server initialization in [588] milliseconds
19-Jan-2026 17:45:26.097 INFO [main] org.apache.catalina.core.StandardService.startInternal Starting service [Catalina]
19-Jan-2026 17:45:26.098 INFO [main] org.apache.catalina.core.StandardEngine.startInternal Starting Servlet engine: [Apache Tomcat/11.0.15]
19-Jan-2026 17:45:26.106 INFO [main] org.apache.catalina.startup.HostConfig.deployDescriptor Deploying deployment descriptor [/home/palmadae/IdeaProjects/FISD/conf/Catalina/localhost/FISD.xml]
19-Jan-2026 17:45:27.235 INFO [main] org.apache.jasper.servlet.TldScanner.scanJars At least one JAR was scanned for TLDs yet contained no TLDs. Enable debug logging for this logger for a complete list of JARs that were scanned but no TLDs were found in them. Skipping unneeded JARs during scanning can improve startup time and JSP compilation time.
19-Jan-2026 17:45:27.274 INFO [main] org.apache.catalina.startup.HostConfig.deployDescriptor Deployment of deployment descriptor [/home/palmadae/IdeaProjects/FISD/conf/Catalina/localhost/FISD.xml] has finished in [1 164] ms
19-Jan-2026 17:45:27.279 INFO [main] org.apache.coyote.AbstractProtocol.start Starting ProtocolHandler ["http-nio-8080"]
19-Jan-2026 17:45:27.290 INFO [main] org.apache.catalina.startup.Catalina.start Server startup in [1237] milliseconds
19-Jan-2026 17:46:33.120 INFO [Thread-1] org.apache.coyote.AbstractProtocol.pause Pausing ProtocolHandler ["http-nio-8080"]
19-Jan-2026 17:46:33.122 INFO [Thread-1] org.apache.catalina.core.StandardService.stopInternal Stopping service [Catalina]
19-Jan-2026 17:46:33.136 INFO [Thread-1] org.apache.coyote.AbstractProtocol.stop Stopping ProtocolHandler ["http-nio-8080"]
19-Jan-2026 17:46:33.147 INFO [Thread-1] org.apache.coyote.AbstractProtocol.destroy Destroying ProtocolHandler ["http-nio-8080"]
19-Jan-2026 17:59:36.419 INFO [main] org.apache.catalina.startup.VersionLoggerListener.log Имя версии сервера:    Apache Tomcat/11.0.15
19-Jan-2026 17:59:36.428 INFO [main] org.apache.catalina.startup.VersionLoggerListener.log Сервер собран:         Dec 2 2025 16:32:48 UTC
19-Jan-2026 17:59:36.428 INFO [main] org.apache.catalina.startup.VersionLoggerListener.log Номер версии сервера:  11.0.15.0
19-Jan-2026 17:59:36.428 INFO [main] org.apache.catalina.startup.VersionLoggerListener.log OS Name:               Linux
19-Jan-2026 17:59:36.428 INFO [main] org.apache.catalina.startup.VersionLoggerListener.log Версия ОС:             6.14.0-37-generic
19-Jan-2026 17:59:36.428 INFO [main] org.apache.catalina.startup.VersionLoggerListener.log Архитектура:           amd64
19-Jan-2026 17:59:36.428 INFO [main] org.apache.catalina.startup.VersionLoggerListener.log Java Home:             /usr/lib/jvm/java-21-openjdk-amd64
19-Jan-2026 17:59:36.428 INFO [main] org.apache.catalina.startup.VersionLoggerListener.log Версия JVM:            21.0.9+10-Ubuntu-124.04
19-Jan-2026 17:59:36.429 INFO [main] org.apache.catalina.startup.VersionLoggerListener.log Производитель JVM:     Ubuntu
19-Jan-2026 17:59:36.429 INFO [main] org.apache.catalina.startup.VersionLoggerListener.log CATALINA_BASE:         /home/palmadae/IdeaProjects/FISD
19-Jan-2026 17:59:36.429 INFO [main] org.apache.catalina.startup.VersionLoggerListener.log CATALINA_HOME:         /home/palmadae/Downloads/apache-tomcat-11.0.15
19-Jan-2026 17:59:36.436 INFO [main] org.apache.catalina.startup.VersionLoggerListener.log Command line argument: --add-opens=java.base/java.lang=ALL-UNNAMED
19-Jan-2026 17:59:36.436 INFO [main] org.apache.catalina.startup.VersionLoggerListener.log Command line argument: --add-opens=java.base/java.io=ALL-UNNAMED
19-Jan-2026 17:59:36.437 INFO [main] org.apache.catalina.startup.VersionLoggerListener.log Command line argument: --add-opens=java.base/java.util=ALL-UNNAMED
19-Jan-2026 17:59:36.437 INFO [main] org.apache.catalina.startup.VersionLoggerListener.log Command line argument: --add-opens=java.base/java.util.concurrent=ALL-UNNAMED
19-Jan-2026 17:59:36.437 INFO [main] org.apache.catalina.startup.VersionLoggerListener.log Command line argument: --add-opens=java.rmi/sun.rmi.transport=ALL-UNNAMED
19-Jan-2026 17:59:36.437 INFO [main] org.apache.catalina.startup.VersionLoggerListener.log Command line argument: -Dcatalina.home=/home/palmadae/Downloads/apache-tomcat-11.0.15
19-Jan-2026 17:59:36.437 INFO [main] org.apache.catalina.startup.VersionLoggerListener.log Command line argument: -Dcatalina.base=/home/palmadae/IdeaProjects/FISD
19-Jan-2026 17:59:36.437 INFO [main] org.apache.catalina.startup.VersionLoggerListener.log Command line argument: -Djava.io.tmpdir=/home/palmadae/IdeaProjects/FISD/temp
19-Jan-2026 17:59:36.437 INFO [main] org.apache.catalina.startup.VersionLoggerListener.log Command line argument: -Djava.util.logging.config.file=/home/palmadae/IdeaProjects/FISD/conf/logging.properties
19-Jan-2026 17:59:36.438 INFO [main] org.apache.catalina.startup.VersionLoggerListener.log Command line argument: -Djava.util.logging.manager=org.apache.juli.ClassLoaderLogManager
19-Jan-2026 17:59:36.438 INFO [main] org.apache.catalina.startup.VersionLoggerListener.log Command line argument: -javaagent:/home/palmadae/idea-IU-251.25410.129/lib/idea_rt.jar=40445
19-Jan-2026 17:59:36.438 INFO [main] org.apache.catalina.startup.VersionLoggerListener.log Command line argument: -Dfile.encoding=UTF-8
19-Jan-2026 17:59:36.438 INFO [main] org.apache.catalina.startup.VersionLoggerListener.log Command line argument: -Dsun.stdout.encoding=UTF-8
19-Jan-2026 17:59:36.438 INFO [main] org.apache.catalina.startup.VersionLoggerListener.log Command line argument: -Dsun.stderr.encoding=UTF-8
19-Jan-2026 17:59:36.440 INFO [main] org.apache.catalina.core.AprLifecycleListener.lifecycleEvent The Apache Tomcat Native library which allows using OpenSSL was not found on the java.library.path: [/usr/java/packages/lib:/usr/lib/x86_64-linux-gnu/jni:/lib/x86_64-linux-gnu:/usr/lib/x86_64-linux-gnu:/usr/lib/jni:/lib:/usr/lib]
19-Jan-2026 17:59:36.724 INFO [main] org.apache.coyote.AbstractProtocol.init Инициализация ProtocolHandler ["http-nio-8080"]
19-Jan-2026 17:59:36.742 INFO [main] org.apache.catalina.startup.Catalina.load Server initialization in [553] milliseconds
19-Jan-2026 17:59:36.780 INFO [main] org.apache.catalina.core.StandardService.startInternal Starting service [Catalina]
19-Jan-2026 17:59:36.780 INFO [main] org.apache.catalina.core.StandardEngine.startInternal Starting Servlet engine: [Apache Tomcat/11.0.15]
19-Jan-2026 17:59:36.788 INFO [main] org.apache.catalina.startup.HostConfig.deployDescriptor Deploying deployment descriptor [/home/palmadae/IdeaProjects/FISD/conf/Catalina/localhost/FISD.xml]
19-Jan-2026 17:59:37.795 INFO [main] org.apache.jasper.servlet.TldScanner.scanJars At least one JAR was scanned for TLDs yet contained no TLDs. Enable debug logging for this logger for a complete list of JARs that were scanned but no TLDs were found in them. Skipping unneeded JARs during scanning can improve startup time and JSP compilation time.
19-Jan-2026 17:59:37.839 INFO [main] org.apache.catalina.startup.HostConfig.deployDescriptor Deployment of deployment descriptor [/home/palmadae/IdeaProjects/FISD/conf/Catalina/localhost/FISD.xml] has finished in [1 048] ms
19-Jan-2026 17:59:37.843 INFO [main] org.apache.coyote.AbstractProtocol.start Starting ProtocolHandler ["http-nio-8080"]
19-Jan-2026 17:59:37.851 INFO [main] org.apache.catalina.startup.Catalina.start Server startup in [1108] milliseconds
19-Jan-2026 18:00:07.560 INFO [Thread-1] org.apache.coyote.AbstractProtocol.pause Pausing ProtocolHandler ["http-nio-8080"]
19-Jan-2026 18:00:07.561 INFO [Thread-1] org.apache.catalina.core.StandardService.stopInternal Stopping service [Catalina]
19-Jan-2026 18:00:07.578 INFO [Thread-1] org.apache.coyote.AbstractProtocol.stop Stopping ProtocolHandler ["http-nio-8080"]
19-Jan-2026 18:00:07.586 INFO [Thread-1] org.apache.coyote.AbstractProtocol.destroy Destroying ProtocolHandler ["http-nio-8080"]
19-Jan-2026 18:00:10.204 INFO [main] org.apache.catalina.startup.VersionLoggerListener.log Имя версии сервера:    Apache Tomcat/11.0.15
19-Jan-2026 18:00:10.211 INFO [main] org.apache.catalina.startup.VersionLoggerListener.log Сервер собран:         Dec 2 2025 16:32:48 UTC
19-Jan-2026 18:00:10.212 INFO [main] org.apache.catalina.startup.VersionLoggerListener.log Номер версии сервера:  11.0.15.0
19-Jan-2026 18:00:10.212 INFO [main] org.apache.catalina.startup.VersionLoggerListener.log OS Name:               Linux
19-Jan-2026 18:00:10.212 INFO [main] org.apache.catalina.startup.VersionLoggerListener.log Версия ОС:             6.14.0-37-generic
19-Jan-2026 18:00:10.212 INFO [main] org.apache.catalina.startup.VersionLoggerListener.log Архитектура:           amd64
19-Jan-2026 18:00:10.212 INFO [main] org.apache.catalina.startup.VersionLoggerListener.log Java Home:             /usr/lib/jvm/java-21-openjdk-amd64
19-Jan-2026 18:00:10.212 INFO [main] org.apache.catalina.startup.VersionLoggerListener.log Версия JVM:            21.0.9+10-Ubuntu-124.04
19-Jan-2026 18:00:10.212 INFO [main] org.apache.catalina.startup.VersionLoggerListener.log Производитель JVM:     Ubuntu
19-Jan-2026 18:00:10.213 INFO [main] org.apache.catalina.startup.VersionLoggerListener.log CATALINA_BASE:         /home/palmadae/IdeaProjects/FISD
19-Jan-2026 18:00:10.213 INFO [main] org.apache.catalina.startup.VersionLoggerListener.log CATALINA_HOME:         /home/palmadae/Downloads/apache-tomcat-11.0.15
19-Jan-2026 18:00:10.221 INFO [main] org.apache.catalina.startup.VersionLoggerListener.log Command line argument: --add-opens=java.base/java.lang=ALL-UNNAMED
19-Jan-2026 18:00:10.222 INFO [main] org.apache.catalina.startup.VersionLoggerListener.log Command line argument: --add-opens=java.base/java.io=ALL-UNNAMED
19-Jan-2026 18:00:10.222 INFO [main] org.apache.catalina.startup.VersionLoggerListener.log Command line argument: --add-opens=java.base/java.util=ALL-UNNAMED
19-Jan-2026 18:00:10.222 INFO [main] org.apache.catalina.startup.VersionLoggerListener.log Command line argument: --add-opens=java.base/java.util.concurrent=ALL-UNNAMED
19-Jan-2026 18:00:10.222 INFO [main] org.apache.catalina.startup.VersionLoggerListener.log Command line argument: --add-opens=java.rmi/sun.rmi.transport=ALL-UNNAMED
19-Jan-2026 18:00:10.222 INFO [main] org.apache.catalina.startup.VersionLoggerListener.log Command line argument: -Dcatalina.home=/home/palmadae/Downloads/apache-tomcat-11.0.15
19-Jan-2026 18:00:10.222 INFO [main] org.apache.catalina.startup.VersionLoggerListener.log Command line argument: -Dcatalina.base=/home/palmadae/IdeaProjects/FISD
19-Jan-2026 18:00:10.222 INFO [main] org.apache.catalina.startup.VersionLoggerListener.log Command line argument: -Djava.io.tmpdir=/home/palmadae/IdeaProjects/FISD/temp
19-Jan-2026 18:00:10.223 INFO [main] org.apache.catalina.startup.VersionLoggerListener.log Command line argument: -Djava.util.logging.config.file=/home/palmadae/IdeaProjects/FISD/conf/logging.properties
19-Jan-2026 18:00:10.223 INFO [main] org.apache.catalina.startup.VersionLoggerListener.log Command line argument: -Djava.util.logging.manager=org.apache.juli.ClassLoaderLogManager
19-Jan-2026 18:00:10.223 INFO [main] org.apache.catalina.startup.VersionLoggerListener.log Command line argument: -javaagent:/home/palmadae/idea-IU-251.25410.129/lib/idea_rt.jar=44123
19-Jan-2026 18:00:10.223 INFO [main] org.apache.catalina.startup.VersionLoggerListener.log Command line argument: -Dfile.encoding=UTF-8
19-Jan-2026 18:00:10.223 INFO [main] org.apache.catalina.startup.VersionLoggerListener.log Command line argument: -Dsun.stdout.encoding=UTF-8
19-Jan-2026 18:00:10.223 INFO [main] org.apache.catalina.startup.VersionLoggerListener.log Command line argument: -Dsun.stderr.encoding=UTF-8
19-Jan-2026 18:00:10.225 INFO [main] org.apache.catalina.core.AprLifecycleListener.lifecycleEvent The Apache Tomcat Native library which allows using OpenSSL was not found on the java.library.path: [/usr/java/packages/lib:/usr/lib/x86_64-linux-gnu/jni:/lib/x86_64-linux-gnu:/usr/lib/x86_64-linux-gnu:/usr/lib/jni:/lib:/usr/lib]
19-Jan-2026 18:00:10.506 INFO [main] org.apache.coyote.AbstractProtocol.init Инициализация ProtocolHandler ["http-nio-8080"]
19-Jan-2026 18:00:10.524 INFO [main] org.apache.catalina.startup.Catalina.load Server initialization in [522] milliseconds
19-Jan-2026 18:00:10.566 INFO [main] org.apache.catalina.core.StandardService.startInternal Starting service [Catalina]
19-Jan-2026 18:00:10.566 INFO [main] org.apache.catalina.core.StandardEngine.startInternal Starting Servlet engine: [Apache Tomcat/11.0.15]
19-Jan-2026 18:00:10.573 INFO [main] org.apache.catalina.startup.HostConfig.deployDescriptor Deploying deployment descriptor [/home/palmadae/IdeaProjects/FISD/conf/Catalina/localhost/FISD.xml]
19-Jan-2026 18:00:11.593 INFO [main] org.apache.jasper.servlet.TldScanner.scanJars At least one JAR was scanned for TLDs yet contained no TLDs. Enable debug logging for this logger for a complete list of JARs that were scanned but no TLDs were found in them. Skipping unneeded JARs during scanning can improve startup time and JSP compilation time.
19-Jan-2026 18:00:11.639 INFO [main] org.apache.catalina.startup.HostConfig.deployDescriptor Deployment of deployment descriptor [/home/palmadae/IdeaProjects/FISD/conf/Catalina/localhost/FISD.xml] has finished in [1 062] ms
19-Jan-2026 18:00:11.643 INFO [main] org.apache.coyote.AbstractProtocol.start Starting ProtocolHandler ["http-nio-8080"]
19-Jan-2026 18:00:11.652 INFO [main] org.apache.catalina.startup.Catalina.start Server startup in [1126] milliseconds
19-Jan-2026 18:01:10.165 INFO [Thread-1] org.apache.coyote.AbstractProtocol.pause Pausing ProtocolHandler ["http-nio-8080"]
19-Jan-2026 18:01:10.167 INFO [Thread-1] org.apache.catalina.core.StandardService.stopInternal Stopping service [Catalina]
19-Jan-2026 18:01:10.178 INFO [Thread-1] org.apache.coyote.AbstractProtocol.stop Stopping ProtocolHandler ["http-nio-8080"]
19-Jan-2026 18:01:10.192 INFO [Thread-1] org.apache.coyote.AbstractProtocol.destroy Destroying ProtocolHandler ["http-nio-8080"]
19-Jan-2026 18:01:12.903 INFO [main] org.apache.catalina.startup.VersionLoggerListener.log Имя версии сервера:    Apache Tomcat/11.0.15
19-Jan-2026 18:01:12.911 INFO [main] org.apache.catalina.startup.VersionLoggerListener.log Сервер собран:         Dec 2 2025 16:32:48 UTC
19-Jan-2026 18:01:12.911 INFO [main] org.apache.catalina.startup.VersionLoggerListener.log Номер версии сервера:  11.0.15.0
19-Jan-2026 18:01:12.911 INFO [main] org.apache.catalina.startup.VersionLoggerListener.log OS Name:               Linux
19-Jan-2026 18:01:12.911 INFO [main] org.apache.catalina.startup.VersionLoggerListener.log Версия ОС:             6.14.0-37-generic
19-Jan-2026 18:01:12.912 INFO [main] org.apache.catalina.startup.VersionLoggerListener.log Архитектура:           amd64
19-Jan-2026 18:01:12.912 INFO [main] org.apache.catalina.startup.VersionLoggerListener.log Java Home:             /usr/lib/jvm/java-21-openjdk-amd64
19-Jan-2026 18:01:12.912 INFO [main] org.apache.catalina.startup.VersionLoggerListener.log Версия JVM:            21.0.9+10-Ubuntu-124.04
19-Jan-2026 18:01:12.912 INFO [main] org.apache.catalina.startup.VersionLoggerListener.log Производитель JVM:     Ubuntu
19-Jan-2026 18:01:12.912 INFO [main] org.apache.catalina.startup.VersionLoggerListener.log CATALINA_BASE:         /home/palmadae/IdeaProjects/FISD
19-Jan-2026 18:01:12.912 INFO [main] org.apache.catalina.startup.VersionLoggerListener.log CATALINA_HOME:         /home/palmadae/Downloads/apache-tomcat-11.0.15
19-Jan-2026 18:01:12.920 INFO [main] org.apache.catalina.startup.VersionLoggerListener.log Command line argument: --add-opens=java.base/java.lang=ALL-UNNAMED
19-Jan-2026 18:01:12.921 INFO [main] org.apache.catalina.startup.VersionLoggerListener.log Command line argument: --add-opens=java.base/java.io=ALL-UNNAMED
19-Jan-2026 18:01:12.921 INFO [main] org.apache.catalina.startup.VersionLoggerListener.log Command line argument: --add-opens=java.base/java.util=ALL-UNNAMED
19-Jan-2026 18:01:12.921 INFO [main] org.apache.catalina.startup.VersionLoggerListener.log Command line argument: --add-opens=java.base/java.util.concurrent=ALL-UNNAMED
19-Jan-2026 18:01:12.921 INFO [main] org.apache.catalina.startup.VersionLoggerListener.log Command line argument: --add-opens=java.rmi/sun.rmi.transport=ALL-UNNAMED
19-Jan-2026 18:01:12.921 INFO [main] org.apache.catalina.startup.VersionLoggerListener.log Command line argument: -Dcatalina.home=/home/palmadae/Downloads/apache-tomcat-11.0.15
19-Jan-2026 18:01:12.922 INFO [main] org.apache.catalina.startup.VersionLoggerListener.log Command line argument: -Dcatalina.base=/home/palmadae/IdeaProjects/FISD
19-Jan-2026 18:01:12.922 INFO [main] org.apache.catalina.startup.VersionLoggerListener.log Command line argument: -Djava.io.tmpdir=/home/palmadae/IdeaProjects/FISD/temp
19-Jan-2026 18:01:12.922 INFO [main] org.apache.catalina.startup.VersionLoggerListener.log Command line argument: -Djava.util.logging.config.file=/home/palmadae/IdeaProjects/FISD/conf/logging.properties
19-Jan-2026 18:01:12.922 INFO [main] org.apache.catalina.startup.VersionLoggerListener.log Command line argument: -Djava.util.logging.manager=org.apache.juli.ClassLoaderLogManager
19-Jan-2026 18:01:12.922 INFO [main] org.apache.catalina.startup.VersionLoggerListener.log Command line argument: -javaagent:/home/palmadae/idea-IU-251.25410.129/lib/idea_rt.jar=35353
19-Jan-2026 18:01:12.922 INFO [main] org.apache.catalina.startup.VersionLoggerListener.log Command line argument: -Dfile.encoding=UTF-8
19-Jan-2026 18:01:12.923 INFO [main] org.apache.catalina.startup.VersionLoggerListener.log Command line argument: -Dsun.stdout.encoding=UTF-8
19-Jan-2026 18:01:12.923 INFO [main] org.apache.catalina.startup.VersionLoggerListener.log Command line argument: -Dsun.stderr.encoding=UTF-8
19-Jan-2026 18:01:12.924 INFO [main] org.apache.catalina.core.AprLifecycleListener.lifecycleEvent The Apache Tomcat Native library which allows using OpenSSL was not found on the java.library.path: [/usr/java/packages/lib:/usr/lib/x86_64-linux-gnu/jni:/lib/x86_64-linux-gnu:/usr/lib/x86_64-linux-gnu:/usr/lib/jni:/lib:/usr/lib]
19-Jan-2026 18:01:13.210 INFO [main] org.apache.coyote.AbstractProtocol.init Инициализация ProtocolHandler ["http-nio-8080"]
19-Jan-2026 18:01:13.229 INFO [main] org.apache.catalina.startup.Catalina.load Server initialization in [573] milliseconds
19-Jan-2026 18:01:13.274 INFO [main] org.apache.catalina.core.StandardService.startInternal Starting service [Catalina]
19-Jan-2026 18:01:13.274 INFO [main] org.apache.catalina.core.StandardEngine.startInternal Starting Servlet engine: [Apache Tomcat/11.0.15]
19-Jan-2026 18:01:13.282 INFO [main] org.apache.catalina.startup.HostConfig.deployDescriptor Deploying deployment descriptor [/home/palmadae/IdeaProjects/FISD/conf/Catalina/localhost/FISD.xml]
19-Jan-2026 18:01:14.359 INFO [main] org.apache.jasper.servlet.TldScanner.scanJars At least one JAR was scanned for TLDs yet contained no TLDs. Enable debug logging for this logger for a complete list of JARs that were scanned but no TLDs were found in them. Skipping unneeded JARs during scanning can improve startup time and JSP compilation time.
19-Jan-2026 18:01:14.394 INFO [main] org.apache.catalina.startup.HostConfig.deployDescriptor Deployment of deployment descriptor [/home/palmadae/IdeaProjects/FISD/conf/Catalina/localhost/FISD.xml] has finished in [1 110] ms
19-Jan-2026 18:01:14.398 INFO [main] org.apache.coyote.AbstractProtocol.start Starting ProtocolHandler ["http-nio-8080"]
19-Jan-2026 18:01:14.406 INFO [main] org.apache.catalina.startup.Catalina.start Server startup in [1175] milliseconds
19-Jan-2026 18:01:34.034 INFO [Thread-1] org.apache.coyote.AbstractProtocol.pause Pausing ProtocolHandler ["http-nio-8080"]
19-Jan-2026 18:01:34.037 INFO [Thread-1] org.apache.catalina.core.StandardService.stopInternal Stopping service [Catalina]
19-Jan-2026 18:01:34.049 INFO [Thread-1] org.apache.coyote.AbstractProtocol.stop Stopping ProtocolHandler ["http-nio-8080"]
19-Jan-2026 18:01:34.063 INFO [Thread-1] org.apache.coyote.AbstractProtocol.destroy Destroying ProtocolHandler ["http-nio-8080"]
19-Jan-2026 18:01:35.541 INFO [main] org.apache.catalina.startup.VersionLoggerListener.log Имя версии сервера:    Apache Tomcat/11.0.15
19-Jan-2026 18:01:35.547 INFO [main] org.apache.catalina.startup.VersionLoggerListener.log Сервер собран:         Dec 2 2025 16:32:48 UTC
19-Jan-2026 18:01:35.547 INFO [main] org.apache.catalina.startup.VersionLoggerListener.log Номер версии сервера:  11.0.15.0
19-Jan-2026 18:01:35.548 INFO [main] org.apache.catalina.startup.VersionLoggerListener.log OS Name:               Linux
19-Jan-2026 18:01:35.548 INFO [main] org.apache.catalina.startup.VersionLoggerListener.log Версия ОС:             6.14.0-37-generic
19-Jan-2026 18:01:35.548 INFO [main] org.apache.catalina.startup.VersionLoggerListener.log Архитектура:           amd64
19-Jan-2026 18:01:35.548 INFO [main] org.apache.catalina.startup.VersionLoggerListener.log Java Home:             /usr/lib/jvm/java-21-openjdk-amd64
19-Jan-2026 18:01:35.548 INFO [main] org.apache.catalina.startup.VersionLoggerListener.log Версия JVM:            21.0.9+10-Ubuntu-124.04
19-Jan-2026 18:01:35.549 INFO [main] org.apache.catalina.startup.VersionLoggerListener.log Производитель JVM:     Ubuntu
19-Jan-2026 18:01:35.549 INFO [main] org.apache.catalina.startup.VersionLoggerListener.log CATALINA_BASE:         /home/palmadae/IdeaProjects/FISD
19-Jan-2026 18:01:35.549 INFO [main] org.apache.catalina.startup.VersionLoggerListener.log CATALINA_HOME:         /home/palmadae/Downloads/apache-tomcat-11.0.15
19-Jan-2026 18:01:35.560 INFO [main] org.apache.catalina.startup.VersionLoggerListener.log Command line argument: --add-opens=java.base/java.lang=ALL-UNNAMED
19-Jan-2026 18:01:35.561 INFO [main] org.apache.catalina.startup.VersionLoggerListener.log Command line argument: --add-opens=java.base/java.io=ALL-UNNAMED
19-Jan-2026 18:01:35.561 INFO [main] org.apache.catalina.startup.VersionLoggerListener.log Command line argument: --add-opens=java.base/java.util=ALL-UNNAMED
19-Jan-2026 18:01:35.561 INFO [main] org.apache.catalina.startup.VersionLoggerListener.log Command line argument: --add-opens=java.base/java.util.concurrent=ALL-UNNAMED
19-Jan-2026 18:01:35.561 INFO [main] org.apache.catalina.startup.VersionLoggerListener.log Command line argument: --add-opens=java.rmi/sun.rmi.transport=ALL-UNNAMED
19-Jan-2026 18:01:35.561 INFO [main] org.apache.catalina.startup.VersionLoggerListener.log Command line argument: -Dcatalina.home=/home/palmadae/Downloads/apache-tomcat-11.0.15
19-Jan-2026 18:01:35.561 INFO [main] org.apache.catalina.startup.VersionLoggerListener.log Command line argument: -Dcatalina.base=/home/palmadae/IdeaProjects/FISD
19-Jan-2026 18:01:35.561 INFO [main] org.apache.catalina.startup.VersionLoggerListener.log Command line argument: -Djava.io.tmpdir=/home/palmadae/IdeaProjects/FISD/temp
19-Jan-2026 18:01:35.561 INFO [main] org.apache.catalina.startup.VersionLoggerListener.log Command line argument: -Djava.util.logging.config.file=/home/palmadae/IdeaProjects/FISD/conf/logging.properties
19-Jan-2026 18:01:35.562 INFO [main] org.apache.catalina.startup.VersionLoggerListener.log Command line argument: -Djava.util.logging.manager=org.apache.juli.ClassLoaderLogManager
19-Jan-2026 18:01:35.562 INFO [main] org.apache.catalina.startup.VersionLoggerListener.log Command line argument: -javaagent:/home/palmadae/idea-IU-251.25410.129/lib/idea_rt.jar=33447
19-Jan-2026 18:01:35.562 INFO [main] org.apache.catalina.startup.VersionLoggerListener.log Command line argument: -Dfile.encoding=UTF-8
19-Jan-2026 18:01:35.562 INFO [main] org.apache.catalina.startup.VersionLoggerListener.log Command line argument: -Dsun.stdout.encoding=UTF-8
19-Jan-2026 18:01:35.562 INFO [main] org.apache.catalina.startup.VersionLoggerListener.log Command line argument: -Dsun.stderr.encoding=UTF-8
19-Jan-2026 18:01:35.563 INFO [main] org.apache.catalina.core.AprLifecycleListener.lifecycleEvent The Apache Tomcat Native library which allows using OpenSSL was not found on the java.library.path: [/usr/java/packages/lib:/usr/lib/x86_64-linux-gnu/jni:/lib/x86_64-linux-gnu:/usr/lib/x86_64-linux-gnu:/usr/lib/jni:/lib:/usr/lib]
19-Jan-2026 18:01:35.879 INFO [main] org.apache.coyote.AbstractProtocol.init Инициализация ProtocolHandler ["http-nio-8080"]
19-Jan-2026 18:01:35.897 INFO [main] org.apache.catalina.startup.Catalina.load Server initialization in [606] milliseconds
19-Jan-2026 18:01:35.937 INFO [main] org.apache.catalina.core.StandardService.startInternal Starting service [Catalina]
19-Jan-2026 18:01:35.937 INFO [main] org.apache.catalina.core.StandardEngine.startInternal Starting Servlet engine: [Apache Tomcat/11.0.15]
19-Jan-2026 18:01:35.948 INFO [main] org.apache.catalina.startup.HostConfig.deployDescriptor Deploying deployment descriptor [/home/palmadae/IdeaProjects/FISD/conf/Catalina/localhost/FISD.xml]
19-Jan-2026 18:01:37.097 INFO [main] org.apache.jasper.servlet.TldScanner.scanJars At least one JAR was scanned for TLDs yet contained no TLDs. Enable debug logging for this logger for a complete list of JARs that were scanned but no TLDs were found in them. Skipping unneeded JARs during scanning can improve startup time and JSP compilation time.
19-Jan-2026 18:01:37.146 INFO [main] org.apache.catalina.startup.HostConfig.deployDescriptor Deployment of deployment descriptor [/home/palmadae/IdeaProjects/FISD/conf/Catalina/localhost/FISD.xml] has finished in [1 195] ms
19-Jan-2026 18:01:37.153 INFO [main] org.apache.coyote.AbstractProtocol.start Starting ProtocolHandler ["http-nio-8080"]
19-Jan-2026 18:01:37.168 INFO [main] org.apache.catalina.startup.Catalina.start Server startup in [1270] milliseconds
19-Jan-2026 18:02:04.960 INFO [Thread-1] org.apache.coyote.AbstractProtocol.pause Pausing ProtocolHandler ["http-nio-8080"]
19-Jan-2026 18:02:04.962 INFO [Thread-1] org.apache.catalina.core.StandardService.stopInternal Stopping service [Catalina]
19-Jan-2026 18:02:04.977 INFO [Thread-1] org.apache.coyote.AbstractProtocol.stop Stopping ProtocolHandler ["http-nio-8080"]
19-Jan-2026 18:02:04.988 INFO [Thread-1] org.apache.coyote.AbstractProtocol.destroy Destroying ProtocolHandler ["http-nio-8080"]
19-Jan-2026 18:02:07.768 INFO [main] org.apache.catalina.startup.VersionLoggerListener.log Имя версии сервера:    Apache Tomcat/11.0.15
19-Jan-2026 18:02:07.773 INFO [main] org.apache.catalina.startup.VersionLoggerListener.log Сервер собран:         Dec 2 2025 16:32:48 UTC
19-Jan-2026 18:02:07.773 INFO [main] org.apache.catalina.startup.VersionLoggerListener.log Номер версии сервера:  11.0.15.0
19-Jan-2026 18:02:07.773 INFO [main] org.apache.catalina.startup.VersionLoggerListener.log OS Name:               Linux
19-Jan-2026 18:02:07.774 INFO [main] org.apache.catalina.startup.VersionLoggerListener.log Версия ОС:             6.14.0-37-generic
19-Jan-2026 18:02:07.774 INFO [main] org.apache.catalina.startup.VersionLoggerListener.log Архитектура:           amd64
19-Jan-2026 18:02:07.774 INFO [main] org.apache.catalina.startup.VersionLoggerListener.log Java Home:             /usr/lib/jvm/java-21-openjdk-amd64
19-Jan-2026 18:02:07.774 INFO [main] org.apache.catalina.startup.VersionLoggerListener.log Версия JVM:            21.0.9+10-Ubuntu-124.04
19-Jan-2026 18:02:07.774 INFO [main] org.apache.catalina.startup.VersionLoggerListener.log Производитель JVM:     Ubuntu
19-Jan-2026 18:02:07.774 INFO [main] org.apache.catalina.startup.VersionLoggerListener.log CATALINA_BASE:         /home/palmadae/IdeaProjects/FISD
19-Jan-2026 18:02:07.774 INFO [main] org.apache.catalina.startup.VersionLoggerListener.log CATALINA_HOME:         /home/palmadae/Downloads/apache-tomcat-11.0.15
19-Jan-2026 18:02:07.782 INFO [main] org.apache.catalina.startup.VersionLoggerListener.log Command line argument: --add-opens=java.base/java.lang=ALL-UNNAMED
19-Jan-2026 18:02:07.783 INFO [main] org.apache.catalina.startup.VersionLoggerListener.log Command line argument: --add-opens=java.base/java.io=ALL-UNNAMED
19-Jan-2026 18:02:07.783 INFO [main] org.apache.catalina.startup.VersionLoggerListener.log Command line argument: --add-opens=java.base/java.util=ALL-UNNAMED
19-Jan-2026 18:02:07.783 INFO [main] org.apache.catalina.startup.VersionLoggerListener.log Command line argument: --add-opens=java.base/java.util.concurrent=ALL-UNNAMED
19-Jan-2026 18:02:07.783 INFO [main] org.apache.catalina.startup.VersionLoggerListener.log Command line argument: --add-opens=java.rmi/sun.rmi.transport=ALL-UNNAMED
19-Jan-2026 18:02:07.783 INFO [main] org.apache.catalina.startup.VersionLoggerListener.log Command line argument: -Dcatalina.home=/home/palmadae/Downloads/apache-tomcat-11.0.15
19-Jan-2026 18:02:07.783 INFO [main] org.apache.catalina.startup.VersionLoggerListener.log Command line argument: -Dcatalina.base=/home/palmadae/IdeaProjects/FISD
19-Jan-2026 18:02:07.783 INFO [main] org.apache.catalina.startup.VersionLoggerListener.log Command line argument: -Djava.io.tmpdir=/home/palmadae/IdeaProjects/FISD/temp
19-Jan-2026 18:02:07.784 INFO [main] org.apache.catalina.startup.VersionLoggerListener.log Command line argument: -Djava.util.logging.config.file=/home/palmadae/IdeaProjects/FISD/conf/logging.properties
19-Jan-2026 18:02:07.784 INFO [main] org.apache.catalina.startup.VersionLoggerListener.log Command line argument: -Djava.util.logging.manager=org.apache.juli.ClassLoaderLogManager
19-Jan-2026 18:02:07.784 INFO [main] org.apache.catalina.startup.VersionLoggerListener.log Command line argument: -javaagent:/home/palmadae/idea-IU-251.25410.129/lib/idea_rt.jar=43337
19-Jan-2026 18:02:07.784 INFO [main] org.apache.catalina.startup.VersionLoggerListener.log Command line argument: -Dfile.encoding=UTF-8
19-Jan-2026 18:02:07.784 INFO [main] org.apache.catalina.startup.VersionLoggerListener.log Command line argument: -Dsun.stdout.encoding=UTF-8
19-Jan-2026 18:02:07.784 INFO [main] org.apache.catalina.startup.VersionLoggerListener.log Command line argument: -Dsun.stderr.encoding=UTF-8
19-Jan-2026 18:02:07.785 INFO [main] org.apache.catalina.core.AprLifecycleListener.lifecycleEvent The Apache Tomcat Native library which allows using OpenSSL was not found on the java.library.path: [/usr/java/packages/lib:/usr/lib/x86_64-linux-gnu/jni:/lib/x86_64-linux-gnu:/usr/lib/x86_64-linux-gnu:/usr/lib/jni:/lib:/usr/lib]
19-Jan-2026 18:02:08.068 INFO [main] org.apache.coyote.AbstractProtocol.init Инициализация ProtocolHandler ["http-nio-8080"]
19-Jan-2026 18:02:08.084 INFO [main] org.apache.catalina.startup.Catalina.load Server initialization in [553] milliseconds
19-Jan-2026 18:02:08.120 INFO [main] org.apache.catalina.core.StandardService.startInternal Starting service [Catalina]
19-Jan-2026 18:02:08.121 INFO [main] org.apache.catalina.core.StandardEngine.startInternal Starting Servlet engine: [Apache Tomcat/11.0.15]
19-Jan-2026 18:02:08.128 INFO [main] org.apache.catalina.startup.HostConfig.deployDescriptor Deploying deployment descriptor [/home/palmadae/IdeaProjects/FISD/conf/Catalina/localhost/FISD.xml]
19-Jan-2026 18:02:09.204 INFO [main] org.apache.jasper.servlet.TldScanner.scanJars At least one JAR was scanned for TLDs yet contained no TLDs. Enable debug logging for this logger for a complete list of JARs that were scanned but no TLDs were found in them. Skipping unneeded JARs during scanning can improve startup time and JSP compilation time.
19-Jan-2026 18:02:09.239 INFO [main] org.apache.catalina.startup.HostConfig.deployDescriptor Deployment of deployment descriptor [/home/palmadae/IdeaProjects/FISD/conf/Catalina/localhost/FISD.xml] has finished in [1 109] ms
19-Jan-2026 18:02:09.244 INFO [main] org.apache.coyote.AbstractProtocol.start Starting ProtocolHandler ["http-nio-8080"]
19-Jan-2026 18:02:09.259 INFO [main] org.apache.catalina.startup.Catalina.start Server startup in [1173] milliseconds
19-Jan-2026 18:02:33.783 INFO [Thread-1] org.apache.coyote.AbstractProtocol.pause Pausing ProtocolHandler ["http-nio-8080"]
19-Jan-2026 18:02:33.785 INFO [Thread-1] org.apache.catalina.core.StandardService.stopInternal Stopping service [Catalina]
19-Jan-2026 18:02:33.796 INFO [Thread-1] org.apache.coyote.AbstractProtocol.stop Stopping ProtocolHandler ["http-nio-8080"]
19-Jan-2026 18:02:33.810 INFO [Thread-1] org.apache.coyote.AbstractProtocol.destroy Destroying ProtocolHandler ["http-nio-8080"]
19-Jan-2026 18:02:36.581 INFO [main] org.apache.catalina.startup.VersionLoggerListener.log Имя версии сервера:    Apache Tomcat/11.0.15
19-Jan-2026 18:02:36.590 INFO [main] org.apache.catalina.startup.VersionLoggerListener.log Сервер собран:         Dec 2 2025 16:32:48 UTC
19-Jan-2026 18:02:36.591 INFO [main] org.apache.catalina.startup.VersionLoggerListener.log Номер версии сервера:  11.0.15.0
19-Jan-2026 18:02:36.591 INFO [main] org.apache.catalina.startup.VersionLoggerListener.log OS Name:               Linux
19-Jan-2026 18:02:36.591 INFO [main] org.apache.catalina.startup.VersionLoggerListener.log Версия ОС:             6.14.0-37-generic
19-Jan-2026 18:02:36.591 INFO [main] org.apache.catalina.startup.VersionLoggerListener.log Архитектура:           amd64
19-Jan-2026 18:02:36.592 INFO [main] org.apache.catalina.startup.VersionLoggerListener.log Java Home:             /usr/lib/jvm/java-21-openjdk-amd64
19-Jan-2026 18:02:36.592 INFO [main] org.apache.catalina.startup.VersionLoggerListener.log Версия JVM:            21.0.9+10-Ubuntu-124.04
19-Jan-2026 18:02:36.592 INFO [main] org.apache.catalina.startup.VersionLoggerListener.log Производитель JVM:     Ubuntu
19-Jan-2026 18:02:36.592 INFO [main] org.apache.catalina.startup.VersionLoggerListener.log CATALINA_BASE:         /home/palmadae/IdeaProjects/FISD
19-Jan-2026 18:02:36.592 INFO [main] org.apache.catalina.startup.VersionLoggerListener.log CATALINA_HOME:         /home/palmadae/Downloads/apache-tomcat-11.0.15
19-Jan-2026 18:02:36.603 INFO [main] org.apache.catalina.startup.VersionLoggerListener.log Command line argument: --add-opens=java.base/java.lang=ALL-UNNAMED
19-Jan-2026 18:02:36.603 INFO [main] org.apache.catalina.startup.VersionLoggerListener.log Command line argument: --add-opens=java.base/java.io=ALL-UNNAMED
19-Jan-2026 18:02:36.604 INFO [main] org.apache.catalina.startup.VersionLoggerListener.log Command line argument: --add-opens=java.base/java.util=ALL-UNNAMED
19-Jan-2026 18:02:36.604 INFO [main] org.apache.catalina.startup.VersionLoggerListener.log Command line argument: --add-opens=java.base/java.util.concurrent=ALL-UNNAMED
19-Jan-2026 18:02:36.604 INFO [main] org.apache.catalina.startup.VersionLoggerListener.log Command line argument: --add-opens=java.rmi/sun.rmi.transport=ALL-UNNAMED
19-Jan-2026 18:02:36.604 INFO [main] org.apache.catalina.startup.VersionLoggerListener.log Command line argument: -Dcatalina.home=/home/palmadae/Downloads/apache-tomcat-11.0.15
19-Jan-2026 18:02:36.604 INFO [main] org.apache.catalina.startup.VersionLoggerListener.log Command line argument: -Dcatalina.base=/home/palmadae/IdeaProjects/FISD
19-Jan-2026 18:02:36.604 INFO [main] org.apache.catalina.startup.VersionLoggerListener.log Command line argument: -Djava.io.tmpdir=/home/palmadae/IdeaProjects/FISD/temp
19-Jan-2026 18:02:36.605 INFO [main] org.apache.catalina.startup.VersionLoggerListener.log Command line argument: -Djava.util.logging.config.file=/home/palmadae/IdeaProjects/FISD/conf/logging.properties
19-Jan-2026 18:02:36.605 INFO [main] org.apache.catalina.startup.VersionLoggerListener.log Command line argument: -Djava.util.logging.manager=org.apache.juli.ClassLoaderLogManager
19-Jan-2026 18:02:36.605 INFO [main] org.apache.catalina.startup.VersionLoggerListener.log Command line argument: -javaagent:/home/palmadae/idea-IU-251.25410.129/lib/idea_rt.jar=34381
19-Jan-2026 18:02:36.605 INFO [main] org.apache.catalina.startup.VersionLoggerListener.log Command line argument: -Dfile.encoding=UTF-8
19-Jan-2026 18:02:36.605 INFO [main] org.apache.catalina.startup.VersionLoggerListener.log Command line argument: -Dsun.stdout.encoding=UTF-8
19-Jan-2026 18:02:36.605 INFO [main] org.apache.catalina.startup.VersionLoggerListener.log Command line argument: -Dsun.stderr.encoding=UTF-8
19-Jan-2026 18:02:36.608 INFO [main] org.apache.catalina.core.AprLifecycleListener.lifecycleEvent The Apache Tomcat Native library which allows using OpenSSL was not found on the java.library.path: [/usr/java/packages/lib:/usr/lib/x86_64-linux-gnu/jni:/lib/x86_64-linux-gnu:/usr/lib/x86_64-linux-gnu:/usr/lib/jni:/lib:/usr/lib]
19-Jan-2026 18:02:36.960 INFO [main] org.apache.coyote.AbstractProtocol.init Инициализация ProtocolHandler ["http-nio-8080"]
19-Jan-2026 18:02:36.981 INFO [main] org.apache.catalina.startup.Catalina.load Server initialization in [612] milliseconds
19-Jan-2026 18:02:37.022 INFO [main] org.apache.catalina.core.StandardService.startInternal Starting service [Catalina]
19-Jan-2026 18:02:37.023 INFO [main] org.apache.catalina.core.StandardEngine.startInternal Starting Servlet engine: [Apache Tomcat/11.0.15]
19-Jan-2026 18:02:37.034 INFO [main] org.apache.catalina.startup.HostConfig.deployDescriptor Deploying deployment descriptor [/home/palmadae/IdeaProjects/FISD/conf/Catalina/localhost/FISD.xml]
19-Jan-2026 18:02:37.983 INFO [main] org.apache.jasper.servlet.TldScanner.scanJars At least one JAR was scanned for TLDs yet contained no TLDs. Enable debug logging for this logger for a complete list of JARs that were scanned but no TLDs were found in them. Skipping unneeded JARs during scanning can improve startup time and JSP compilation time.
19-Jan-2026 18:02:38.042 INFO [main] org.apache.catalina.startup.HostConfig.deployDescriptor Deployment of deployment descriptor [/home/palmadae/IdeaProjects/FISD/conf/Catalina/localhost/FISD.xml] has finished in [1 005] ms
19-Jan-2026 18:02:38.047 INFO [main] org.apache.coyote.AbstractProtocol.start Starting ProtocolHandler ["http-nio-8080"]
19-Jan-2026 18:02:38.059 INFO [main] org.apache.catalina.startup.Catalina.start Server startup in [1075] milliseconds
19-Jan-2026 18:22:25.967 INFO [Thread-1] org.apache.coyote.AbstractProtocol.pause Pausing ProtocolHandler ["http-nio-8080"]
19-Jan-2026 18:22:25.970 INFO [Thread-1] org.apache.catalina.core.StandardService.stopInternal Stopping service [Catalina]
19-Jan-2026 18:22:25.984 INFO [Thread-1] org.apache.coyote.AbstractProtocol.stop Stopping ProtocolHandler ["http-nio-8080"]
19-Jan-2026 18:22:25.994 INFO [Thread-1] org.apache.coyote.AbstractProtocol.destroy Destroying ProtocolHandler ["http-nio-8080"]
